
Found perl:
   /usr/bin/perl
   This is perl 5, version 18, subversion 4 (v5.18.4) built for darwin-thread-multi-2level

Found java:
   /usr/bin/java
   java version "21.0.1" 2023-10-17 LTS

Found canu:
   /Users/pfb15/canu-2.2/bin/canu
   canu 2.2


Creating library 'ecoli_filtered_0.60' for PacBio raw reads.

               reads               bases
---------- --------- ------ ------------ ------
Loaded          7534  95.7%     69627333  99.7%  /Users/pfb15/problemsets/genome_assembly_workshop/ecoli_filtered_0.60.fastq
Short            340   4.3%       195679   0.3%


All reads processed.

               reads               bases
---------- --------- ------ ------------ ------
Loaded          7534  95.7%     69627333  99.7%
Short            340   4.3%       195679   0.3%


Bye.
