
Configuring for:
  hash table:       80000000 bases.
  read stream:    1000000000 bases.


       Raw          Raw  Corrected    Corrected    Trimmed      Trimmed
     Reads        Bases      Reads        Bases      Reads        Bases
---------- ------------ ---------- ------------ ---------- ------------
       194      1789799        190      1691129        190      1691129
       388      3467266        379      3275962        379      3275962
       582      5156184        567      4870565        567      4870565
       776      6900906        757      6543290        757      6543290
       970      8736758        949      8282132        949      8282132
      1164     10334131       1137      9805084       1137      9805084
      1358     12180882       1329     11571227       1329     11571227
      1552     14133992       1517     13420339       1517     13420339
      1746     15931821       1704     15097592       1704     15097592
      1940     17701786       1890     16750807       1890     16750807
      2134     19340088       2073     18264942       2073     18264942
      2328     21072906       2264     19906795       2264     19906795
      2522     22907852       2450     21646910       2450     21646910
      2716     24778851       2638     23395674       2638     23395674
      2910     26752330       2829     25290708       2829     25290708
      3104     28762153       3017     27205653       3017     27205653
      3298     30636384       3207     28972318       3207     28972318
      3492     32463515       3394     30707180       3394     30707180
      3686     34209106       3582     32360285       3582     32360285
      3880     36022823       3767     34055512       3767     34055512
      4074     37832893       3957     35791388       3957     35791388
      4268     39480850       4144     37332317       4144     37332317
      4462     41243133       4335     39009847       4335     39009847
      4656     43094644       4525     40776719       4525     40776719
      4850     44873071       4715     42459184       4715     42459184
      5044     46429454       4905     43944728       4905     43944728
      5238     48013909       5096     45457114       5096     45457114
      5432     49933408       5283     47263266       5283     47263266
      5626     51812433       5472     49020931       5472     49020931
      5820     53551707       5660     50644942       5660     50644942
      6014     55288558       5846     52262784       5846     52262784
      6208     57167415       6030     54017366       6030     54017366
      6402     58955625       6216     55720895       6216     55720895
      6596     60804702       6405     57455056       6405     57455056
      6790     62675219       6596     59218177       6596     59218177
      6984     64387848       6783     60837246       6783     60837246
      7178     66288311       6973     62653696       6973     62653696
      7372     68080096       7161     64355527       7161     64355527
---------- ------------ ---------- ------------ ---------- ------------
      7534     69627333       7316     65805488       7316     65805488

  Job       Hash Range        # Reads      # Bases      Stream Range        # Reads      # Bases
----- --------------------- --------- ------------  --------------------- --------- ------------
    1          1-7534            7316     65812804           1-7534            7316     65812804
