
Found perl:
   /usr/bin/perl
   This is perl 5, version 18, subversion 4 (v5.18.4) built for darwin-thread-multi-2level

Found java:
   /usr/bin/java
   java version "21.0.1" 2023-10-17 LTS

Found canu:
   /Users/pfb15/canu-2.2/bin/canu
   canu 2.2

Running job 1 based on command line options.

Attempting to increase maximum allowed processes and open files.
  Changed max processes per user from 2784 to 2784 (max 4176).
./scripts/2-sort.sh: line 78: [: unlimited: integer expression expected
  Max open files limited to 256, no increase possible.


Finding overlaps.
  found     167239 overlaps in './ecoli-60.ovlStore.BUILDING/bucket0001/sliceSizes'.

Loading     167239 overlaps using 0.00 GB of allowed (-M) 1 GB memory.
  loading     167239 overlaps from './ecoli-60.ovlStore.BUILDING/bucket0001/slice0001'.

Sorting.

Writing sorted overlaps.
  created './ecoli-60.ovlStore.BUILDING/0001' with 167239 overlaps for reads 1 to 7385.

Removing bucketized overlaps.

Success!
